c:\users\1\desktop\xex apex v2\apex v2\x64\release\vc143.pdb
c:\users\1\desktop\xex apex v2\apex v2\x64\release\imgui_tables.obj
c:\users\1\desktop\xex apex v2\apex v2\x64\release\imgui_impl_win32.obj
c:\users\1\desktop\xex apex v2\apex v2\x64\release\imgui_impl_dx11.obj
c:\users\1\desktop\xex apex v2\apex v2\x64\release\imgui_draw.obj
c:\users\1\desktop\xex apex v2\apex v2\x64\release\imgui.obj
c:\users\1\desktop\xex apex v2\apex v2\x64\release\gui.obj
c:\users\1\desktop\xex apex v2\apex v2\x64\release\selection.obj
c:\users\1\desktop\xex apex v2\apex v2\x64\release\keybind.obj
c:\users\1\desktop\xex apex v2\apex v2\x64\release\hue_slider.obj
c:\users\1\desktop\xex apex v2\apex v2\x64\release\esp_preview.obj
c:\users\1\desktop\xex apex v2\apex v2\x64\release\dropdown.obj
c:\users\1\desktop\xex apex v2\apex v2\x64\release\drag_slider.obj
c:\users\1\desktop\xex apex v2\apex v2\x64\release\custom_draw.obj
c:\users\1\desktop\xex apex v2\apex v2\x64\release\color_picker.obj
c:\users\1\desktop\xex apex v2\apex v2\x64\release\checkbox.obj
c:\users\1\desktop\xex apex v2\apex v2\x64\release\begin_child.obj
c:\users\1\desktop\xex apex v2\apex v2\x64\release\begin.obj
c:\users\1\desktop\xex apex v2\apex v2\x64\release\base_elements.obj
c:\users\1\desktop\xex apex v2\apex v2\x64\release\imgui_freetype.obj
c:\users\1\desktop\xex apex v2\apex v2\x64\release\application1.obj
c:\users\1\desktop\xex apex v2\apex v2\x64\release\sdk.obj
c:\users\1\desktop\xex apex v2\apex v2\x64\release\overlay.obj
c:\users\1\desktop\xex apex v2\apex v2\x64\release\draw.obj
c:\users\1\desktop\xex apex v2\apex v2\x64\release\utils.obj
c:\users\1\desktop\xex apex v2\apex v2\x64\release\service.obj
c:\users\1\desktop\xex apex v2\apex v2\x64\release\portable_executable.obj
c:\users\1\desktop\xex apex v2\apex v2\x64\release\kdmapper.obj
c:\users\1\desktop\xex apex v2\apex v2\x64\release\intel_driver.obj
c:\users\1\desktop\xex apex v2\apex v2\x64\release\interface.obj
c:\users\1\desktop\xex apex v2\apex v2\x64\release\imgui_widgets.obj
c:\users\1\desktop\xex apex v2\xex\boot loader.exe
c:\users\1\desktop\xex apex v2\xex\boot loader.pdb
c:\users\1\desktop\xex apex v2\apex v2\x64\release\bootstrap.res
c:\users\1\desktop\xex\xex apex v2\apex v2\x64\release\application1.obj
c:\users\1\desktop\xex\xex apex v2\apex v2\x64\release\base_elements.obj
c:\users\1\desktop\xex\xex apex v2\apex v2\x64\release\begin.obj
c:\users\1\desktop\xex\xex apex v2\apex v2\x64\release\begin_child.obj
c:\users\1\desktop\xex\xex apex v2\apex v2\x64\release\checkbox.obj
c:\users\1\desktop\xex\xex apex v2\apex v2\x64\release\color_picker.obj
c:\users\1\desktop\xex\xex apex v2\apex v2\x64\release\custom_draw.obj
c:\users\1\desktop\xex\xex apex v2\apex v2\x64\release\drag_slider.obj
c:\users\1\desktop\xex\xex apex v2\apex v2\x64\release\draw.obj
c:\users\1\desktop\xex\xex apex v2\apex v2\x64\release\dropdown.obj
c:\users\1\desktop\xex\xex apex v2\apex v2\x64\release\esp_preview.obj
c:\users\1\desktop\xex\xex apex v2\apex v2\x64\release\gui.obj
c:\users\1\desktop\xex\xex apex v2\apex v2\x64\release\hue_slider.obj
c:\users\1\desktop\xex\xex apex v2\apex v2\x64\release\imgui.obj
c:\users\1\desktop\xex\xex apex v2\apex v2\x64\release\imgui_draw.obj
c:\users\1\desktop\xex\xex apex v2\apex v2\x64\release\imgui_freetype.obj
c:\users\1\desktop\xex\xex apex v2\apex v2\x64\release\imgui_impl_dx11.obj
c:\users\1\desktop\xex\xex apex v2\apex v2\x64\release\imgui_impl_win32.obj
c:\users\1\desktop\xex\xex apex v2\apex v2\x64\release\imgui_tables.obj
c:\users\1\desktop\xex\xex apex v2\apex v2\x64\release\imgui_widgets.obj
c:\users\1\desktop\xex\xex apex v2\apex v2\x64\release\intel_driver.obj
c:\users\1\desktop\xex\xex apex v2\apex v2\x64\release\interface.obj
c:\users\1\desktop\xex\xex apex v2\apex v2\x64\release\kdmapper.obj
c:\users\1\desktop\xex\xex apex v2\apex v2\x64\release\keybind.obj
c:\users\1\desktop\xex\xex apex v2\apex v2\x64\release\overlay.obj
c:\users\1\desktop\xex\xex apex v2\apex v2\x64\release\portable_executable.obj
c:\users\1\desktop\xex\xex apex v2\apex v2\x64\release\sdk.obj
c:\users\1\desktop\xex\xex apex v2\apex v2\x64\release\selection.obj
c:\users\1\desktop\xex\xex apex v2\apex v2\x64\release\service.obj
c:\users\1\desktop\xex\xex apex v2\apex v2\x64\release\utils.obj
c:\users\1\desktop\xex\xex apex v2\apex v2\x64\release\bootstrap.res
c:\users\1\desktop\xex\xex apex v2\apex v2\x64\release\vc143.pdb
c:\users\1\desktop\xex\xex apex v2\xex\boot loader.exe
c:\users\1\desktop\xex\xex apex v2\apex v2\x64\release\apex v2.tlog\cl.command.1.tlog
c:\users\1\desktop\xex\xex apex v2\apex v2\x64\release\apex v2.tlog\cl.items.tlog
c:\users\1\desktop\xex\xex apex v2\apex v2\x64\release\apex v2.tlog\cl.read.1.tlog
c:\users\1\desktop\xex\xex apex v2\apex v2\x64\release\apex v2.tlog\cl.write.1.tlog
c:\users\1\desktop\xex\xex apex v2\apex v2\x64\release\apex v2.tlog\link.command.1.tlog
c:\users\1\desktop\xex\xex apex v2\apex v2\x64\release\apex v2.tlog\link.read.1.tlog
c:\users\1\desktop\xex\xex apex v2\apex v2\x64\release\apex v2.tlog\link.secondary.1.tlog
c:\users\1\desktop\xex\xex apex v2\apex v2\x64\release\apex v2.tlog\link.write.1.tlog
c:\users\1\desktop\xex\xex apex v2\apex v2\x64\release\apex v2.tlog\rc.command.1.tlog
c:\users\1\desktop\xex\xex apex v2\apex v2\x64\release\apex v2.tlog\rc.read.1.tlog
c:\users\1\desktop\xex\xex apex v2\apex v2\x64\release\apex v2.tlog\rc.write.1.tlog
